<?xml version="1.0" encoding="UTF-8" ?>
<testsuite tests="31" failures="0" name="kg.apc.jmeter.PluginsCMDWorkerTest" time="0.445" errors="0" skipped="0">
  <properties>
    <property name="java.runtime.name" value="Java(TM) SE Runtime Environment"/>
    <property name="sun.boot.library.path" value="/usr/lib/jvm/java-8-oracle/jre/lib/amd64"/>
    <property name="java.vm.version" value="25.77-b03"/>
    <property name="java.vm.vendor" value="Oracle Corporation"/>
    <property name="java.vendor.url" value="http://java.oracle.com/"/>
    <property name="path.separator" value=":"/>
    <property name="guice.disable.misplaced.annotation.check" value="true"/>
    <property name="java.vm.name" value="Java HotSpot(TM) 64-Bit Server VM"/>
    <property name="file.encoding.pkg" value="sun.io"/>
    <property name="user.country" value="US"/>
    <property name="sun.java.launcher" value="SUN_STANDARD"/>
    <property name="sun.os.patch.level" value="unknown"/>
    <property name="java.vm.specification.name" value="Java Virtual Machine Specification"/>
    <property name="user.dir" value="/home/undera/Sources/JMeter/jmeter-plugins"/>
    <property name="java.runtime.version" value="1.8.0_77-b03"/>
    <property name="java.awt.graphicsenv" value="sun.awt.X11GraphicsEnvironment"/>
    <property name="java.endorsed.dirs" value="/usr/lib/jvm/java-8-oracle/jre/lib/endorsed"/>
    <property name="os.arch" value="amd64"/>
    <property name="java.io.tmpdir" value="/tmp"/>
    <property name="line.separator" value="
"/>
    <property name="java.vm.specification.vendor" value="Oracle Corporation"/>
    <property name="os.name" value="Linux"/>
    <property name="classworlds.conf" value="/usr/share/maven/bin/m2.conf"/>
    <property name="sun.jnu.encoding" value="UTF-8"/>
    <property name="java.library.path" value="/usr/java/packages/lib/amd64:/usr/lib64:/lib64:/lib:/usr/lib"/>
    <property name="java.specification.name" value="Java Platform API Specification"/>
    <property name="java.class.version" value="52.0"/>
    <property name="sun.management.compiler" value="HotSpot 64-Bit Tiered Compilers"/>
    <property name="os.version" value="3.13.0-85-generic"/>
    <property name="user.home" value="/home/undera"/>
    <property name="user.timezone" value="Europe/Moscow"/>
    <property name="java.awt.printerjob" value="sun.print.PSPrinterJob"/>
    <property name="file.encoding" value="UTF-8"/>
    <property name="java.specification.version" value="1.8"/>
    <property name="user.name" value="undera"/>
    <property name="java.class.path" value="/usr/share/maven/boot/plexus-classworlds-2.x.jar"/>
    <property name="java.vm.specification.version" value="1.8"/>
    <property name="sun.arch.data.model" value="64"/>
    <property name="java.home" value="/usr/lib/jvm/java-8-oracle/jre"/>
    <property name="sun.java.command" value="org.codehaus.plexus.classworlds.launcher.Launcher clean package"/>
    <property name="java.specification.vendor" value="Oracle Corporation"/>
    <property name="user.language" value="en"/>
    <property name="awt.toolkit" value="sun.awt.X11.XToolkit"/>
    <property name="java.vm.info" value="mixed mode"/>
    <property name="java.version" value="1.8.0_77"/>
    <property name="java.ext.dirs" value="/usr/lib/jvm/java-8-oracle/jre/lib/ext:/usr/java/packages/lib/ext"/>
    <property name="securerandom.source" value="file:/dev/./urandom"/>
    <property name="sun.boot.class.path" value="/usr/lib/jvm/java-8-oracle/jre/lib/resources.jar:/usr/lib/jvm/java-8-oracle/jre/lib/rt.jar:/usr/lib/jvm/java-8-oracle/jre/lib/sunrsasign.jar:/usr/lib/jvm/java-8-oracle/jre/lib/jsse.jar:/usr/lib/jvm/java-8-oracle/jre/lib/jce.jar:/usr/lib/jvm/java-8-oracle/jre/lib/charsets.jar:/usr/lib/jvm/java-8-oracle/jre/lib/jfr.jar:/usr/lib/jvm/java-8-oracle/jre/classes"/>
    <property name="java.vendor" value="Oracle Corporation"/>
    <property name="maven.home" value="/usr/share/maven"/>
    <property name="file.separator" value="/"/>
    <property name="java.vendor.url.bug" value="http://bugreport.sun.com/bugreport/"/>
    <property name="sun.cpu.endian" value="little"/>
    <property name="sun.io.unicode.encoding" value="UnicodeLittle"/>
    <property name="sun.cpu.isalist" value=""/>
  </properties>
  <testcase classname="kg.apc.jmeter.PluginsCMDWorkerTest" name="testSetLineWeight" time="0.001"/>
  <testcase classname="kg.apc.jmeter.PluginsCMDWorkerTest" name="testSetRelativeTimes" time="0.001"/>
  <testcase classname="kg.apc.jmeter.PluginsCMDWorkerTest" name="testSetGranulation" time="0"/>
  <testcase classname="kg.apc.jmeter.PluginsCMDWorkerTest" name="testSetIncludeLabels" time="0.001"/>
  <testcase classname="kg.apc.jmeter.PluginsCMDWorkerTest" name="testSetOutputCSVFile" time="0"/>
  <testcase classname="kg.apc.jmeter.PluginsCMDWorkerTest" name="testDoJob_csv_createdir" time="0.037"/>
  <testcase classname="kg.apc.jmeter.PluginsCMDWorkerTest" name="testSetAggregate" time="0"/>
  <testcase classname="kg.apc.jmeter.PluginsCMDWorkerTest" name="testSetStartOffset" time="0"/>
  <testcase classname="kg.apc.jmeter.PluginsCMDWorkerTest" name="testDoJob" time="0.168"/>
  <testcase classname="kg.apc.jmeter.PluginsCMDWorkerTest" name="testSetHideLowCounts" time="0"/>
  <testcase classname="kg.apc.jmeter.PluginsCMDWorkerTest" name="testGetJMeterHomeFromCP" time="0.001"/>
  <testcase classname="kg.apc.jmeter.PluginsCMDWorkerTest" name="testDoJob_csv_filtered" time="0.025"/>
  <testcase classname="kg.apc.jmeter.PluginsCMDWorkerTest" name="testSetEndOffset" time="0"/>
  <testcase classname="kg.apc.jmeter.PluginsCMDWorkerTest" name="testSetIncludeSamplesWithRegex" time="0.001"/>
  <testcase classname="kg.apc.jmeter.PluginsCMDWorkerTest" name="testSetInputFile" time="0"/>
  <testcase classname="kg.apc.jmeter.PluginsCMDWorkerTest" name="testSetRowsLimit" time="0.001"/>
  <testcase classname="kg.apc.jmeter.PluginsCMDWorkerTest" name="testSetExcludeSamplesWithRegex" time="0"/>
  <testcase classname="kg.apc.jmeter.PluginsCMDWorkerTest" name="testSetGraphWidth" time="0"/>
  <testcase classname="kg.apc.jmeter.PluginsCMDWorkerTest" name="testSetExcludeLabels" time="0.001"/>
  <testcase classname="kg.apc.jmeter.PluginsCMDWorkerTest" name="testDoJob_csv" time="0.032"/>
  <testcase classname="kg.apc.jmeter.PluginsCMDWorkerTest" name="testDoJob_png" time="0.128"/>
  <testcase classname="kg.apc.jmeter.PluginsCMDWorkerTest" name="testSetPreventOutliers" time="0.001"/>
  <testcase classname="kg.apc.jmeter.PluginsCMDWorkerTest" name="testSetSuccessFilter" time="0"/>
  <testcase classname="kg.apc.jmeter.PluginsCMDWorkerTest" name="testSetForceY" time="0"/>
  <testcase classname="kg.apc.jmeter.PluginsCMDWorkerTest" name="testSetOutputPNGFile" time="0"/>
  <testcase classname="kg.apc.jmeter.PluginsCMDWorkerTest" name="testSetGradient" time="0"/>
  <testcase classname="kg.apc.jmeter.PluginsCMDWorkerTest" name="testSetAutoScaleRows" time="0"/>
  <testcase classname="kg.apc.jmeter.PluginsCMDWorkerTest" name="testSetZeroing" time="0"/>
  <testcase classname="kg.apc.jmeter.PluginsCMDWorkerTest" name="testSetGraphHeight" time="0"/>
  <testcase classname="kg.apc.jmeter.PluginsCMDWorkerTest" name="testSetPluginType" time="0.018"/>
  <testcase classname="kg.apc.jmeter.PluginsCMDWorkerTest" name="testAddExportMode" time="0"/>
</testsuite>